2025-11-27 20:31:33,591: INFO: Course deleted successfully for Course Code: Sc1015
2025-11-27 20:34:59,981: INFO: Course deleted successfully for Course Code: Sc1015
2025-11-27 20:37:21,185: INFO: Course deleted successfully for Course Code: sc1015
2025-11-27 20:39:20,635: INFO: Course exist for Course Code: sc1015
2025-11-27 20:39:21,058: INFO: Document updated successfully for insert_video_indexing_progress.
2025-11-27 20:39:21,061: INFO: Video Registration Completed for Course ID: 69284647ea1d34002da4d372
2025-11-27 20:39:21,061: INFO: starting video indexing process for video: Lecture 1 
2025-11-27 20:39:23,694: INFO: Uploading a local file using multipart/form-data post request..
2025-11-27 20:39:33,831: INFO: Checking if video ykd07g7mnc has finished indexing...
2025-11-27 20:39:35,419: INFO: [2025-11-27 20:39:35] The video index state is Processing
2025-11-27 20:39:46,527: INFO: [2025-11-27 20:39:46] The video index state is Processing
2025-11-27 20:39:57,788: INFO: [2025-11-27 20:39:57] The video index state is Processing
2025-11-27 20:40:09,024: INFO: [2025-11-27 20:40:09] The video index state is Processing
2025-11-27 20:40:20,516: INFO: [2025-11-27 20:40:20] The video index state is Processing
2025-11-27 20:40:31,885: INFO: [2025-11-27 20:40:31] The video index state is Processing
2025-11-27 20:40:43,121: INFO: [2025-11-27 20:40:43] The video index state is Processing
2025-11-27 20:40:54,353: INFO: [2025-11-27 20:40:54] The video index state is Processing
2025-11-27 20:41:05,692: INFO: [2025-11-27 20:41:05] The video index state is Processing
2025-11-27 20:41:16,856: INFO: [2025-11-27 20:41:16] The video index state is Processing
2025-11-27 20:41:28,667: INFO: Searching videos in account 134c7b67-58a1-44e3-b391-69c74189931f for video ID ykd07g7mnc.
2025-11-27 20:41:32,141: INFO: Getting thumbnail for video ykd07g7mnc
2025-11-27 20:41:33,374: INFO: Video Document Thumbnail updated successfully.
2025-11-27 20:41:35,816: INFO: Prompt content is not ready yet. Waiting 5 seconds before checking again...
2025-11-27 20:41:47,151: INFO: Prompt content is not ready yet. Waiting 5 seconds before checking again...
2025-11-27 20:42:10,198: INFO: Transcript found for: 69284678ea1d34002da4d373
2025-11-27 20:42:11,892: INFO: Completed transcript cleaning process for video: Lecture 1 
2025-11-27 20:42:11,971: INFO: Video Status updated successfully for ID: 69284678ea1d34002da4d373
2025-11-27 20:42:12,051: INFO: Video Status updated successfully for ID: 69284678ea1d34002da4d373
2025-12-03 09:50:55,302: INFO: Course exist for Course Code: SC1007
2025-12-03 09:53:52,792: INFO: Course exist for Course Code: SC1007
2025-12-03 09:56:12,689: INFO: Course exist for Course Code: SC1007
2025-12-03 09:59:48,624: INFO: Course exist for Course Code: SC1007
2025-12-03 10:01:42,080: INFO: Course exist for Course Code: SC1007
2025-12-03 10:21:24,652: INFO: Course exist for Course Code: SC1007
